<?xml version="1.0" encoding="UTF-8"?>
<!-- Generated by org.testng.reporters.JUnitReportReporter -->
<testsuite hostname="HARIKA1" failures="0" tests="1" name="qaclickacademy.ExtendReports.ExtendReportDemo" time="19.765" errors="0" timestamp="2021-06-06T14:15:29 IST" skipped="0">
  <testcase classname="qaclickacademy.ExtendReports.ExtendReportDemo" name="initialDemo" time="19.765"/>
  <system-out/>
</testsuite> <!-- qaclickacademy.ExtendReports.ExtendReportDemo -->
