<?xml version="1.0" encoding="UTF-8"?>
<!-- Generated by org.testng.reporters.JUnitReportReporter -->
<testsuite hostname="HARIKA1" failures="0" tests="2" name="cucumberOptions.TestRunner" time="43.376" errors="0" timestamp="2021-06-15T13:22:34 IST" skipped="0">
  <testcase classname="cucumberOptions.TestRunner" name="runScenario" time="26.849"/>
  <system-out/>
  <testcase classname="cucumberOptions.TestRunner" name="runScenario" time="16.527"/>
  <system-out/>
</testsuite> <!-- cucumberOptions.TestRunner -->
