<?xml version="1.0" encoding="UTF-8"?>
<!-- Generated by org.testng.reporters.JUnitReportReporter -->
<testsuite hostname="HARIKA1" failures="0" tests="2" name="Academy.HomePage" time="20.274" errors="0" timestamp="2021-06-16T13:04:44 IST" skipped="0">
  <testcase classname="Academy.HomePage" name="basePageNavigation" time="4.272"/>
  <system-out/>
  <testcase classname="Academy.HomePage" name="basePageNavigation" time="16.002"/>
  <system-out/>
</testsuite> <!-- Academy.HomePage -->
