<?xml version="1.0" encoding="UTF-8"?>
<!-- Generated by org.testng.reporters.JUnitReportReporter -->
<testsuite hostname="HARIKA1" failures="0" tests="1" name="TestCases.Loginapplication" time="37.069" errors="0" timestamp="2021-06-08T16:34:57 IST" skipped="0">
  <testcase classname="TestCases.Loginapplication" name="Login" time="37.069"/>
  <system-out/>
</testsuite> <!-- TestCases.Loginapplication -->
