<?xml version="1.0" encoding="UTF-8"?>
<!-- Generated by org.testng.reporters.JUnitReportReporter -->
<testsuite hostname="HARIKA1" failures="0" tests="1" name="test.Day4" time="0.002" errors="0" timestamp="2021-06-03T12:19:50 IST" skipped="0">
  <testcase classname="test.Day4" name="LoginAPIhomeloan" time="0.002"/>
  <system-out/>
</testsuite> <!-- test.Day4 -->
