<?xml version="1.0" encoding="UTF-8"?>
<!-- Generated by org.testng.reporters.JUnitReportReporter -->
<testsuite hostname="HARIKA1" failures="0" tests="1" name="test.Day2" time="0.005" errors="0" timestamp="2021-06-03T12:19:50 IST" skipped="0">
  <testcase classname="test.Day2" name="something" time="0.005"/>
  <system-out/>
</testsuite> <!-- test.Day2 -->
