<?xml version="1.0" encoding="UTF-8"?>
<!-- Generated by org.testng.reporters.JUnitReportReporter -->
<testsuite hostname="HARIKA1" failures="0" tests="2" name="test.Day1" time="0.015" errors="0" timestamp="2021-06-03T12:19:50 IST" skipped="0">
  <testcase classname="test.Day1" name="Secondtest" time="0.004"/>
  <system-out/>
  <testcase classname="test.Day1" name="Demo" time="0.011"/>
  <system-out/>
</testsuite> <!-- test.Day1 -->
