<?xml version="1.0" encoding="UTF-8"?>
<!-- Generated by org.testng.reporters.JUnitReportReporter -->
<testsuite hostname="HARIKA1" failures="0" tests="1" name="com.herokuapp.theinternet.PositiveTests" time="22.903" errors="0" timestamp="2021-03-15T13:14:09 IST" skipped="0">
  <testcase classname="com.herokuapp.theinternet.PositiveTests" name="loginTest" time="22.903"/>
  <system-out/>
</testsuite> <!-- com.herokuapp.theinternet.PositiveTests -->
