<?xml version="1.0" encoding="UTF-8"?>
<!-- Generated by org.testng.reporters.JUnitReportReporter -->
<testsuite hostname="HARIKA1" failures="0" tests="1" name="com.herokuapp.theinternet.LoginTests" time="16.474" errors="0" timestamp="2021-03-18T13:54:12 IST" skipped="0">
  <testcase classname="com.herokuapp.theinternet.LoginTests" name="positiveLoginTest" time="16.474"/>
  <system-out/>
</testsuite> <!-- com.herokuapp.theinternet.LoginTests -->
