<?xml version="1.0" encoding="UTF-8"?>
<!-- Generated by org.testng.reporters.JUnitReportReporter -->
<testsuite hostname="HARIKA1" failures="0" tests="1" name="Javatest" time="0.024" errors="0" timestamp="2021-06-02T16:06:25 IST" skipped="0">
  <testcase classname="Javatest" name="streamCollect" time="0.024"/>
  <system-out/>
</testsuite> <!-- Javatest -->
