<?xml version="1.0" encoding="UTF-8"?>
<!-- Generated by org.testng.reporters.JUnitReportReporter -->
<testsuite hostname="HARIKA1" failures="0" tests="1" name="com.herokuapp.theinternet.ExceptionsTests" time="22.933" errors="0" timestamp="2021-03-18T16:58:13 IST" skipped="0">
  <testcase classname="com.herokuapp.theinternet.ExceptionsTests" name="disabledElementTest" time="22.933"/>
  <system-out/>
</testsuite> <!-- com.herokuapp.theinternet.ExceptionsTests -->
