<?xml version="1.0" encoding="UTF-8"?>
<!-- Generated by org.testng.reporters.JUnitReportReporter -->
<testsuite hostname="HARIKA1" failures="0" tests="2" name="com.herokuapp.theinternet.NegativTests" time="68.970" errors="0" timestamp="2021-03-15T17:53:14 IST" skipped="0">
  <testcase classname="com.herokuapp.theinternet.NegativTests" name="negativeLoginTest" time="35.273"/>
  <system-out/>
  <testcase classname="com.herokuapp.theinternet.NegativTests" name="negativeLoginTest" time="33.697"/>
  <system-out/>
</testsuite> <!-- com.herokuapp.theinternet.NegativTests -->
