<?xml version="1.0" encoding="UTF-8"?>
<!-- Generated by org.testng.reporters.JUnitReportReporter -->
<testsuite hostname="HARIKA1" failures="0" tests="1" name="Academy.validateNavigationBar" time="0.130" errors="0" timestamp="2021-06-10T12:14:45 IST" skipped="0">
  <testcase classname="Academy.validateNavigationBar" name="validateAppNavBar" time="0.130"/>
  <system-out/>
</testsuite> <!-- Academy.validateNavigationBar -->
