<?xml version="1.0" encoding="UTF-8"?>
<!-- Generated by org.testng.reporters.JUnitReportReporter -->
<testsuite hostname="HARIKA1" failures="0" tests="2" name="cucumberOptions.TestRunner" time="48.735" errors="0" timestamp="2021-06-15T13:28:52 IST" skipped="0">
  <testcase classname="cucumberOptions.TestRunner" name="runScenario" time="29.037"/>
  <system-out/>
  <testcase classname="cucumberOptions.TestRunner" name="runScenario" time="19.698"/>
  <system-out/>
</testsuite> <!-- cucumberOptions.TestRunner -->
