<?xml version="1.0" encoding="UTF-8"?>
<!-- Generated by org.testng.reporters.JUnitReportReporter -->
<testsuite hostname="HARIKA1" failures="0" tests="2" name="Academy.HomePage" time="16.060" errors="0" timestamp="2021-06-10T12:14:45 IST" skipped="0">
  <testcase classname="Academy.HomePage" name="basePageNavigation" time="3.713"/>
  <system-out/>
  <testcase classname="Academy.HomePage" name="basePageNavigation" time="12.347"/>
  <system-out/>
</testsuite> <!-- Academy.HomePage -->
